Arguments: 
  C:\Program Files\nodejs\node.exe C:\Program Files (x86)\Yarn\bin\yarn.js start

PATH: 
  C:\Program Files (x86)\Common Files\Oracle\Java\javapath;C:\WINDOWS\system32;C:\WINDOWS;C:\WINDOWS\System32\Wbem;C:\WINDOWS\System32\WindowsPowerShell\v1.0\;C:\WINDOWS\System32\OpenSSH\;C:\Program Files (x86)\Yarn\bin\;C:\ProgramData\chocolatey\bin;C:\Program Files\nodejs\;C:\Program Files\Intel\WiFi\bin\;C:\Program Files\Common Files\Intel\WirelessCommon\;C:\Users\bede\.windows-build-tools\python27\;C:\Program Files\nodejs\node_modules\npm\node_modules\npm-lifecycle\node-gyp-bin;C:\Users\bede\AppData\Roaming\npm\node_modules\windows-build-tools\node_modules\.bin;C:\Users\bede\AppData\Roaming\npm\node_modules\.bin;C:\Program Files (x86)\Common Files\Oracle\Java\javapath;C:\WINDOWS\system32;C:\WINDOWS;C:\WINDOWS\System32\Wbem;C:\WINDOWS\System32\WindowsPowerShell\v1.0\;C:\WINDOWS\System32\OpenSSH\;C:\Program Files\Intel\WiFi\bin\;C:\Program Files\Common Files\Intel\WirelessCommon\;C:\Program Files\nodejs\;C:\Program Files (x86)\Yarn\bin\;C:\Users\bede\AppData\Local\Microsoft\WindowsApps;C:\Users\bede\AppData\Local\Programs\Microsoft VS Code\bin;C:\Users\bede\AppData\Local\Yarn\bin;C:\ProgramData\chocolatey\bin;C:\Users\bede\AppData\Local\.meteor;C:\Users\bede\AppData\Local\Programs\Git\cmd;C:\Users\bede\AppData\Local\GitHubDesktop\bin;C:\Users\bede\AppData\Roaming\npm;C:\Users\bede\AppData\Local\.meteor\;%USERPROFILE%\AppData\Local\Microsoft\WindowsApps;

Yarn version: 
  1.16.0

Node version: 
  12.14.0

Platform: 
  win32 x64

Trace: 
  SyntaxError: C:\sandbox_bede\simpel-test-server-skabelon\package.json: Unexpected token } in JSON at position 213
      at JSON.parse (<anonymous>)
      at C:\Program Files (x86)\Yarn\lib\cli.js:1625:59
      at Generator.next (<anonymous>)
      at step (C:\Program Files (x86)\Yarn\lib\cli.js:304:30)
      at C:\Program Files (x86)\Yarn\lib\cli.js:315:13

npm manifest: 
  {
    "name": "simpel-test-server-skabelon",
    "version": "1.0.0",
    "main": "index.html",
    "license": "MIT",
    "scripts": {
      "start": "lite-server",
      "test": "echo \"Error: no test specified\" && exit 1",
    }
  }

yarn manifest: 
  No manifest

Lockfile: 
  # THIS IS AN AUTOGENERATED FILE. DO NOT EDIT THIS FILE DIRECTLY.
  # yarn lockfile v1
